
11/04/2022, 16:55:53 - ERROR: Download of "https://templates.hibootstrap.com/fixa/default/assets/css/owl.video.play.png", referred from "/Users/dollarstir/Downloads/us.sitesucker.mac.sitesucker/templates.hibootstrap.com/fixa/default/assets/css/owl.carousel.min.css", failed with error code 404 (not found)

---------------------

11/04/2022, 17:14:57 - ERROR: Download of "https://www.devsnews.com/template/biden/biden/site.webmanifest", referred from "/Users/dollarstir/Downloads/us.sitesucker.mac.sitesucker/www.devsnews.com/template/biden/biden/index.html", failed with error code 404 (not found)
11/04/2022, 17:15:02 - ERROR: Download of "https://www.devsnews.com/template/biden/biden/site.webmanifest", referred from "/Users/dollarstir/Downloads/us.sitesucker.mac.sitesucker/www.devsnews.com/template/biden/biden/job-grid.html", failed with error code 404 (not found)
11/04/2022, 17:15:04 - ERROR: Download of "https://www.devsnews.com/template/biden/biden/site.webmanifest", referred from "/Users/dollarstir/Downloads/us.sitesucker.mac.sitesucker/www.devsnews.com/template/biden/biden/job-sidebar.html", failed with error code 404 (not found)
11/04/2022, 17:15:04 - ERROR: Download of "https://www.devsnews.com/template/biden/biden/site.webmanifest", referred from "/Users/dollarstir/Downloads/us.sitesucker.mac.sitesucker/www.devsnews.com/template/biden/biden/job-grid-2-col.html", failed with error code 404 (not found)
11/04/2022, 17:15:07 - ERROR: Download of "https://www.devsnews.com/template/biden/biden/site.webmanifest", referred from "/Users/dollarstir/Downloads/us.sitesucker.mac.sitesucker/www.devsnews.com/template/biden/biden/job-grid-sidebar.html", failed with error code 404 (not found)
11/04/2022, 17:15:09 - ERROR: Download of "https://www.devsnews.com/template/biden/biden/site.webmanifest", referred from "/Users/dollarstir/Downloads/us.sitesucker.mac.sitesucker/www.devsnews.com/template/biden/biden/job-grid-map.html", failed with error code 404 (not found)
11/04/2022, 17:15:13 - ERROR: Download of "https://www.devsnews.com/template/biden/biden/site.webmanifest", referred from "/Users/dollarstir/Downloads/us.sitesucker.mac.sitesucker/www.devsnews.com/template/biden/biden/job-details.html", failed with error code 404 (not found)
11/04/2022, 17:15:15 - ERROR: Download of "https://www.devsnews.com/template/biden/biden/site.webmanifest", referred from "/Users/dollarstir/Downloads/us.sitesucker.mac.sitesucker/www.devsnews.com/template/biden/biden/candidate-grid.html", failed with error code 404 (not found)
11/04/2022, 17:15:16 - ERROR: Download of "https://www.devsnews.com/template/biden/biden/site.webmanifest", referred from "/Users/dollarstir/Downloads/us.sitesucker.mac.sitesucker/www.devsnews.com/template/biden/biden/employer-list.html", failed with error code 404 (not found)
11/04/2022, 17:15:17 - ERROR: Download of "https://www.devsnews.com/template/biden/biden/site.webmanifest", referred from "/Users/dollarstir/Downloads/us.sitesucker.mac.sitesucker/www.devsnews.com/template/biden/biden/employer-details.html", failed with error code 404 (not found)
11/04/2022, 17:15:17 - ERROR: Download of "https://www.devsnews.com/template/biden/biden/site.webmanifest", referred from "/Users/dollarstir/Downloads/us.sitesucker.mac.sitesucker/www.devsnews.com/template/biden/biden/about.html", failed with error code 404 (not found)
11/04/2022, 17:15:18 - ERROR: Download of "https://www.devsnews.com/template/biden/biden/site.webmanifest", referred from "/Users/dollarstir/Downloads/us.sitesucker.mac.sitesucker/www.devsnews.com/template/biden/biden/faq.html", failed with error code 404 (not found)
11/04/2022, 17:15:18 - ERROR: Download of "https://www.devsnews.com/template/biden/biden/site.webmanifest", referred from "/Users/dollarstir/Downloads/us.sitesucker.mac.sitesucker/www.devsnews.com/template/biden/biden/blog-grid.html", failed with error code 404 (not found)
11/04/2022, 17:15:18 - ERROR: Download of "https://www.devsnews.com/template/biden/biden/site.webmanifest", referred from "/Users/dollarstir/Downloads/us.sitesucker.mac.sitesucker/www.devsnews.com/template/biden/biden/contact.html", failed with error code 404 (not found)
11/04/2022, 17:15:19 - ERROR: Download of "https://www.devsnews.com/template/biden/biden/site.webmanifest", referred from "/Users/dollarstir/Downloads/us.sitesucker.mac.sitesucker/www.devsnews.com/template/biden/biden/pricing.html", failed with error code 404 (not found)
11/04/2022, 17:15:19 - ERROR: Download of "https://www.devsnews.com/template/biden/biden/site.webmanifest", referred from "/Users/dollarstir/Downloads/us.sitesucker.mac.sitesucker/www.devsnews.com/template/biden/biden/blog-standard.html", failed with error code 404 (not found)
11/04/2022, 17:15:20 - ERROR: Download of "https://www.devsnews.com/template/biden/biden/site.webmanifest", referred from "/Users/dollarstir/Downloads/us.sitesucker.mac.sitesucker/www.devsnews.com/template/biden/biden/login.html", failed with error code 404 (not found)
11/04/2022, 17:15:20 - ERROR: Download of "https://www.devsnews.com/template/biden/biden/site.webmanifest", referred from "/Users/dollarstir/Downloads/us.sitesucker.mac.sitesucker/www.devsnews.com/template/biden/biden/register.html", failed with error code 404 (not found)
11/04/2022, 17:15:20 - ERROR: Download of "https://www.devsnews.com/template/biden/biden/site.webmanifest", referred from "/Users/dollarstir/Downloads/us.sitesucker.mac.sitesucker/www.devsnews.com/template/biden/biden/blog-details.html", failed with error code 404 (not found)
11/04/2022, 17:15:39 - ERROR: Download of "https://www.devsnews.com/template/biden/biden/site.webmanifest", referred from "/Users/dollarstir/Downloads/us.sitesucker.mac.sitesucker/www.devsnews.com/template/biden/biden/index-2.html", failed with error code 404 (not found)

---------------------

11/04/2022, 17:31:15 - ERROR: Download of "https://www.devsnews.com/template/biden/biden/site.webmanifest", referred from "/Users/dollarstir/Downloads/us.sitesucker.mac.sitesucker/www.devsnews.com/template/biden/biden/faq.html", failed with error code 404 (not found)
11/04/2022, 17:31:15 - ERROR: Download of "https://www.devsnews.com/template/biden/biden/site.webmanifest", referred from "/Users/dollarstir/Downloads/us.sitesucker.mac.sitesucker/www.devsnews.com/template/biden/biden/pricing.html", failed with error code 404 (not found)
11/04/2022, 17:31:15 - ERROR: Download of "https://www.devsnews.com/template/biden/biden/site.webmanifest", referred from "/Users/dollarstir/Downloads/us.sitesucker.mac.sitesucker/www.devsnews.com/template/biden/biden/index.html", failed with error code 404 (not found)
11/04/2022, 17:31:15 - ERROR: Download of "https://www.devsnews.com/template/biden/biden/site.webmanifest", referred from "/Users/dollarstir/Downloads/us.sitesucker.mac.sitesucker/www.devsnews.com/template/biden/biden/employer-list.html", failed with error code 404 (not found)
11/04/2022, 17:31:15 - ERROR: Download of "https://www.devsnews.com/template/biden/biden/site.webmanifest", referred from "/Users/dollarstir/Downloads/us.sitesucker.mac.sitesucker/www.devsnews.com/template/biden/biden/job-sidebar.html", failed with error code 404 (not found)
11/04/2022, 17:31:15 - ERROR: Download of "https://www.devsnews.com/template/biden/biden/site.webmanifest", referred from "/Users/dollarstir/Downloads/us.sitesucker.mac.sitesucker/www.devsnews.com/template/biden/biden/job-grid.html", failed with error code 404 (not found)
11/04/2022, 17:31:15 - ERROR: Download of "https://www.devsnews.com/template/biden/biden/site.webmanifest", referred from "/Users/dollarstir/Downloads/us.sitesucker.mac.sitesucker/www.devsnews.com/template/biden/biden/job-grid-sidebar.html", failed with error code 404 (not found)
11/04/2022, 17:31:15 - ERROR: Download of "https://www.devsnews.com/template/biden/biden/site.webmanifest", referred from "/Users/dollarstir/Downloads/us.sitesucker.mac.sitesucker/www.devsnews.com/template/biden/biden/job-details.html", failed with error code 404 (not found)
11/04/2022, 17:31:15 - ERROR: Download of "https://www.devsnews.com/template/biden/biden/site.webmanifest", referred from "/Users/dollarstir/Downloads/us.sitesucker.mac.sitesucker/www.devsnews.com/template/biden/biden/index-2.html", failed with error code 404 (not found)
11/04/2022, 17:31:15 - ERROR: Download of "https://www.devsnews.com/template/biden/biden/site.webmanifest", referred from "/Users/dollarstir/Downloads/us.sitesucker.mac.sitesucker/www.devsnews.com/template/biden/biden/employer-details.html", failed with error code 404 (not found)
11/04/2022, 17:31:15 - ERROR: Download of "https://www.devsnews.com/template/biden/biden/site.webmanifest", referred from "/Users/dollarstir/Downloads/us.sitesucker.mac.sitesucker/www.devsnews.com/template/biden/biden/about.html", failed with error code 404 (not found)
11/04/2022, 17:31:15 - ERROR: Download of "https://www.devsnews.com/template/biden/biden/site.webmanifest", referred from "/Users/dollarstir/Downloads/us.sitesucker.mac.sitesucker/www.devsnews.com/template/biden/biden/contact.html", failed with error code 404 (not found)
11/04/2022, 17:31:15 - ERROR: Download of "https://www.devsnews.com/template/biden/biden/site.webmanifest", referred from "/Users/dollarstir/Downloads/us.sitesucker.mac.sitesucker/www.devsnews.com/template/biden/biden/job-grid-map.html", failed with error code 404 (not found)
11/04/2022, 17:31:15 - ERROR: Download of "https://www.devsnews.com/template/biden/biden/site.webmanifest", referred from "/Users/dollarstir/Downloads/us.sitesucker.mac.sitesucker/www.devsnews.com/template/biden/biden/candidate-grid.html", failed with error code 404 (not found)
11/04/2022, 17:31:15 - ERROR: Download of "https://www.devsnews.com/template/biden/biden/site.webmanifest", referred from "/Users/dollarstir/Downloads/us.sitesucker.mac.sitesucker/www.devsnews.com/template/biden/biden/job-grid-2-col.html", failed with error code 404 (not found)
11/04/2022, 17:31:17 - ERROR: Download of "https://www.devsnews.com/template/biden/biden/assets/css/owl.video.play.png", referred from "/Users/dollarstir/Downloads/us.sitesucker.mac.sitesucker/www.devsnews.com/template/biden/biden/assets/css/owl.carousel.min.css", failed with error code 404 (not found)
11/04/2022, 17:31:17 - ERROR: Download of "https://www.devsnews.com/template/biden/biden/site.webmanifest", referred from "/Users/dollarstir/Downloads/us.sitesucker.mac.sitesucker/www.devsnews.com/template/biden/biden/blog-grid.html", failed with error code 404 (not found)
11/04/2022, 17:31:17 - ERROR: Download of "https://www.devsnews.com/template/biden/biden/site.webmanifest", referred from "/Users/dollarstir/Downloads/us.sitesucker.mac.sitesucker/www.devsnews.com/template/biden/biden/blog-standard.html", failed with error code 404 (not found)
11/04/2022, 17:31:43 - ERROR: Download of "https://www.devsnews.com/template/biden/biden/assets/css/Flaticon.svg", referred from "/Users/dollarstir/Downloads/us.sitesucker.mac.sitesucker/www.devsnews.com/template/biden/biden/assets/css/main.css", failed with error code 404 (not found)
11/04/2022, 17:31:46 - ERROR: Download of "https://www.devsnews.com/template/biden/biden/site.webmanifest", referred from "/Users/dollarstir/Downloads/us.sitesucker.mac.sitesucker/www.devsnews.com/template/biden/biden/blog-details.html", failed with error code 404 (not found)
11/04/2022, 17:31:46 - ERROR: Download of "https://www.devsnews.com/template/biden/biden/site.webmanifest", referred from "/Users/dollarstir/Downloads/us.sitesucker.mac.sitesucker/www.devsnews.com/template/biden/biden/login.html", failed with error code 404 (not found)
11/04/2022, 17:31:47 - ERROR: Download of "https://www.devsnews.com/template/biden/biden/site.webmanifest", referred from "/Users/dollarstir/Downloads/us.sitesucker.mac.sitesucker/www.devsnews.com/template/biden/biden/register.html", failed with error code 404 (not found)
11/04/2022, 17:33:36 - ERROR: Download of "https://www.devsnews.com/template/biden/biden/candidate-details.htm", referred from "/Users/dollarstir/Downloads/us.sitesucker.mac.sitesucker/www.devsnews.com/template/biden/biden/candidate-grid.html", failed with error code 404 (not found)

---------------------

11/04/2022, 17:37:21 - ERROR: Download of "http://utouchdesign.com/themes/envato/escort/contact.html", referred from "/Users/dollarstir/Downloads/us.sitesucker.mac.sitesucker/utouchdesign.com/themes/envato/escort/create-company.html", failed with error code 409 (conflict)
11/04/2022, 17:37:21 - ERROR: Download of "http://utouchdesign.com/themes/envato/escort/contact.html", referred from "/Users/dollarstir/Downloads/us.sitesucker.mac.sitesucker/utouchdesign.com/themes/envato/escort/job-layout-one.html", failed with error code 409 (conflict)
11/04/2022, 17:37:21 - ERROR: Download of "http://utouchdesign.com/themes/envato/escort/contact.html", referred from "/Users/dollarstir/Downloads/us.sitesucker.mac.sitesucker/utouchdesign.com/themes/envato/escort/browse-job.html", failed with error code 409 (conflict)
11/04/2022, 17:37:21 - ERROR: Download of "http://utouchdesign.com/themes/envato/escort/contact.html", referred from "/Users/dollarstir/Downloads/us.sitesucker.mac.sitesucker/utouchdesign.com/themes/envato/escort/employer-detail.html", failed with error code 409 (conflict)
11/04/2022, 17:37:21 - ERROR: Download of "http://utouchdesign.com/themes/envato/escort/contact.html", referred from "/Users/dollarstir/Downloads/us.sitesucker.mac.sitesucker/utouchdesign.com/themes/envato/escort/index.html", failed with error code 409 (conflict)
11/04/2022, 17:37:21 - ERROR: Download of "http://utouchdesign.com/themes/envato/escort/contact.html", referred from "/Users/dollarstir/Downloads/us.sitesucker.mac.sitesucker/utouchdesign.com/themes/envato/escort/job-detail.html", failed with error code 409 (conflict)
11/04/2022, 17:37:21 - ERROR: Download of "http://utouchdesign.com/themes/envato/escort/contact.html", referred from "/Users/dollarstir/Downloads/us.sitesucker.mac.sitesucker/utouchdesign.com/themes/envato/escort/browse-category.html", failed with error code 409 (conflict)
11/04/2022, 17:37:21 - ERROR: Download of "http://utouchdesign.com/themes/envato/escort/contact.html", referred from "/Users/dollarstir/Downloads/us.sitesucker.mac.sitesucker/utouchdesign.com/themes/envato/escort/candidate.html", failed with error code 409 (conflict)
11/04/2022, 17:37:21 - ERROR: Download of "http://utouchdesign.com/themes/envato/escort/contact.html", referred from "/Users/dollarstir/Downloads/us.sitesucker.mac.sitesucker/utouchdesign.com/themes/envato/escort/add-job.html", failed with error code 409 (conflict)
11/04/2022, 17:37:21 - ERROR: Download of "http://utouchdesign.com/themes/envato/escort/contact.html", referred from "/Users/dollarstir/Downloads/us.sitesucker.mac.sitesucker/utouchdesign.com/themes/envato/escort/profile-settings.html", failed with error code 409 (conflict)
11/04/2022, 17:37:21 - ERROR: Download of "http://utouchdesign.com/themes/envato/escort/contact.html", referred from "/Users/dollarstir/Downloads/us.sitesucker.mac.sitesucker/utouchdesign.com/themes/envato/escort/resume-detail.html", failed with error code 409 (conflict)
11/04/2022, 17:37:21 - ERROR: Download of "http://utouchdesign.com/themes/envato/escort/contact.html", referred from "/Users/dollarstir/Downloads/us.sitesucker.mac.sitesucker/utouchdesign.com/themes/envato/escort/signup.html", failed with error code 409 (conflict)
11/04/2022, 17:37:21 - ERROR: Download of "http://utouchdesign.com/themes/envato/escort/contact.html", referred from "/Users/dollarstir/Downloads/us.sitesucker.mac.sitesucker/utouchdesign.com/themes/envato/escort/employer.html", failed with error code 409 (conflict)
11/04/2022, 17:37:21 - ERROR: Download of "http://utouchdesign.com/themes/envato/escort/contact.html", referred from "/Users/dollarstir/Downloads/us.sitesucker.mac.sitesucker/utouchdesign.com/themes/envato/escort/manage-resume.html", failed with error code 409 (conflict)
11/04/2022, 17:37:24 - ERROR: Download of "http://utouchdesign.com/themes/envato/escort/contact.html", referred from "/Users/dollarstir/Downloads/us.sitesucker.mac.sitesucker/utouchdesign.com/themes/envato/escort/manage-job.html", failed with error code 409 (conflict)
11/04/2022, 17:38:47 - ERROR: Download of "http://utouchdesign.com/themes/envato/escort/create-resume.html", referred from "/Users/dollarstir/Downloads/us.sitesucker.mac.sitesucker/utouchdesign.com/themes/envato/escort/profile-settings.html", failed with error code 404 (not found)
11/04/2022, 17:38:48 - ERROR: Download of "http://utouchdesign.com/themes/envato/escort/contact.html", referred from "/Users/dollarstir/Downloads/us.sitesucker.mac.sitesucker/utouchdesign.com/themes/envato/escort/dashboard.html", failed with error code 409 (conflict)
11/04/2022, 17:38:48 - ERROR: Download of "http://utouchdesign.com/themes/envato/escort/create-resume.html", referred from "/Users/dollarstir/Downloads/us.sitesucker.mac.sitesucker/utouchdesign.com/themes/envato/escort/dashboard.html", failed with error code 404 (not found)
11/04/2022, 17:38:49 - ERROR: Download of "http://utouchdesign.com/themes/envato/escort/contact.html", referred from "/Users/dollarstir/Downloads/us.sitesucker.mac.sitesucker/utouchdesign.com/themes/envato/escort/change-password.html", failed with error code 409 (conflict)
11/04/2022, 17:38:49 - ERROR: Download of "http://utouchdesign.com/themes/envato/escort/create-resume.html", referred from "/Users/dollarstir/Downloads/us.sitesucker.mac.sitesucker/utouchdesign.com/themes/envato/escort/change-password.html", failed with error code 404 (not found)

---------------------

19/04/2022, 11:12:23 - ERROR: Download of "https://demo.dashboardpack.com/sales-html/vendors/fonts/gijgo-material.eot?235541", referred from "/Users/dollarstir/Downloads/us.sitesucker.mac.sitesucker/demo.dashboardpack.com/sales-html/vendors/gijgo/gijgo.min.css", failed with error code 404 (not found)
19/04/2022, 11:12:23 - ERROR: Download of "https://demo.dashboardpack.com/sales-html/vendors/fonts/gijgo-material.ttf?235541", referred from "/Users/dollarstir/Downloads/us.sitesucker.mac.sitesucker/demo.dashboardpack.com/sales-html/vendors/gijgo/gijgo.min.css", failed with error code 404 (not found)
19/04/2022, 11:12:23 - ERROR: Download of "https://demo.dashboardpack.com/sales-html/vendors/owl_carousel/css/owl.video.play.png", referred from "/Users/dollarstir/Downloads/us.sitesucker.mac.sitesucker/demo.dashboardpack.com/sales-html/vendors/owl_carousel/css/owl.carousel.css", failed with error code 404 (not found)
19/04/2022, 11:12:24 - ERROR: Download of "https://demo.dashboardpack.com/sales-html/vendors/fonts/gijgo-material.svg?235541", referred from "/Users/dollarstir/Downloads/us.sitesucker.mac.sitesucker/demo.dashboardpack.com/sales-html/vendors/gijgo/gijgo.min.css", failed with error code 404 (not found)
19/04/2022, 11:12:24 - ERROR: Download of "https://demo.dashboardpack.com/sales-html/vendors/fonts/gijgo-material.woff?235541", referred from "/Users/dollarstir/Downloads/us.sitesucker.mac.sitesucker/demo.dashboardpack.com/sales-html/vendors/gijgo/gijgo.min.css", failed with error code 404 (not found)
19/04/2022, 11:12:24 - ERROR: Download of "https://demo.dashboardpack.com/sales-html/vendors/font_awesome/webfonts/fa-brands-400.svg", referred from "/Users/dollarstir/Downloads/us.sitesucker.mac.sitesucker/demo.dashboardpack.com/sales-html/vendors/font_awesome/css/all.min.css", failed with error code 404 (not found)
19/04/2022, 11:12:25 - ERROR: Download of "https://demo.dashboardpack.com/sales-html/vendors/font_awesome/webfonts/fa-regular-400.svg", referred from "/Users/dollarstir/Downloads/us.sitesucker.mac.sitesucker/demo.dashboardpack.com/sales-html/vendors/font_awesome/css/all.min.css", failed with error code 404 (not found)
19/04/2022, 11:12:26 - ERROR: Download of "https://demo.dashboardpack.com/sales-html/vendors/font_awesome/webfonts/fa-solid-900.svg", referred from "/Users/dollarstir/Downloads/us.sitesucker.mac.sitesucker/demo.dashboardpack.com/sales-html/vendors/font_awesome/css/all.min.css", failed with error code 404 (not found)
19/04/2022, 11:12:27 - ERROR: Download of "https://demo.dashboardpack.com/sales-html/vendors/datatable/images/sort_asc.png", referred from "/Users/dollarstir/Downloads/us.sitesucker.mac.sitesucker/demo.dashboardpack.com/sales-html/vendors/datatable/css/jquery.dataTables.min.css", failed with error code 404 (not found)
19/04/2022, 11:12:27 - ERROR: Download of "https://demo.dashboardpack.com/sales-html/vendors/datatable/images/sort_both.png", referred from "/Users/dollarstir/Downloads/us.sitesucker.mac.sitesucker/demo.dashboardpack.com/sales-html/vendors/datatable/css/jquery.dataTables.min.css", failed with error code 404 (not found)
19/04/2022, 11:12:27 - ERROR: Download of "https://demo.dashboardpack.com/sales-html/vendors/datatable/images/sort_desc.png", referred from "/Users/dollarstir/Downloads/us.sitesucker.mac.sitesucker/demo.dashboardpack.com/sales-html/vendors/datatable/css/jquery.dataTables.min.css", failed with error code 404 (not found)
19/04/2022, 11:12:27 - ERROR: Download of "https://demo.dashboardpack.com/sales-html/vendors/datatable/images/sort_desc_disabled.png", referred from "/Users/dollarstir/Downloads/us.sitesucker.mac.sitesucker/demo.dashboardpack.com/sales-html/vendors/datatable/css/jquery.dataTables.min.css", failed with error code 404 (not found)
19/04/2022, 11:12:27 - ERROR: Download of "https://demo.dashboardpack.com/sales-html/vendors/datatable/images/sort_asc_disabled.png", referred from "/Users/dollarstir/Downloads/us.sitesucker.mac.sitesucker/demo.dashboardpack.com/sales-html/vendors/datatable/css/jquery.dataTables.min.css", failed with error code 404 (not found)
19/04/2022, 11:12:28 - ERROR: Download of "https://demo.dashboardpack.com/sales-html/img/progress/progress-bg.png", referred from "/Users/dollarstir/Downloads/us.sitesucker.mac.sitesucker/demo.dashboardpack.com/sales-html/css/style1.css", failed with error code 404 (not found)
19/04/2022, 11:12:28 - ERROR: Download of "https://demo.dashboardpack.com/sales-html/img/progress/design-progress-yellow.png", referred from "/Users/dollarstir/Downloads/us.sitesucker.mac.sitesucker/demo.dashboardpack.com/sales-html/css/style1.css", failed with error code 404 (not found)
19/04/2022, 11:12:28 - ERROR: Download of "https://demo.dashboardpack.com/sales-html/img/progress/design-progress-red.png", referred from "/Users/dollarstir/Downloads/us.sitesucker.mac.sitesucker/demo.dashboardpack.com/sales-html/css/style1.css", failed with error code 404 (not found)
19/04/2022, 11:12:28 - ERROR: Download of "https://demo.dashboardpack.com/sales-html/css/preloader.gif", referred from "/Users/dollarstir/Downloads/us.sitesucker.mac.sitesucker/demo.dashboardpack.com/sales-html/css/style1.css", failed with error code 404 (not found)
19/04/2022, 11:12:36 - ERROR: Download of "https://demo.dashboardpack.com/sales-html/js/bootstrap.min.js", referred from "/Users/dollarstir/Downloads/us.sitesucker.mac.sitesucker/demo.dashboardpack.com/sales-html/vector_map.html", failed with error code 404 (not found)
19/04/2022, 11:12:36 - ERROR: Download of "https://demo.dashboardpack.com/sales-html/js/bootstrap.min.js", referred from "/Users/dollarstir/Downloads/us.sitesucker.mac.sitesucker/demo.dashboardpack.com/sales-html/chat.html", failed with error code 404 (not found)
19/04/2022, 11:12:36 - ERROR: Download of "https://demo.dashboardpack.com/sales-html/js/bootstrap.min.js", referred from "/Users/dollarstir/Downloads/us.sitesucker.mac.sitesucker/demo.dashboardpack.com/sales-html/modal.html", failed with error code 404 (not found)
19/04/2022, 11:12:36 - ERROR: Download of "https://demo.dashboardpack.com/sales-html/js/bootstrap.min.js", referred from "/Users/dollarstir/Downloads/us.sitesucker.mac.sitesucker/demo.dashboardpack.com/sales-html/datepicker.html", failed with error code 404 (not found)
19/04/2022, 11:12:36 - ERROR: Download of "https://demo.dashboardpack.com/sales-html/js/bootstrap.min.js", referred from "/Users/dollarstir/Downloads/us.sitesucker.mac.sitesucker/demo.dashboardpack.com/sales-html/invoice.html", failed with error code 404 (not found)
19/04/2022, 11:12:36 - ERROR: Download of "https://demo.dashboardpack.com/sales-html/js/bootstrap.min.js", referred from "/Users/dollarstir/Downloads/us.sitesucker.mac.sitesucker/demo.dashboardpack.com/sales-html/notification.html", failed with error code 404 (not found)
19/04/2022, 11:12:36 - ERROR: Download of "https://demo.dashboardpack.com/sales-html/js/bootstrap.min.js", referred from "/Users/dollarstir/Downloads/us.sitesucker.mac.sitesucker/demo.dashboardpack.com/sales-html/login.html", failed with error code 404 (not found)
19/04/2022, 11:12:36 - ERROR: Download of "https://demo.dashboardpack.com/sales-html/js/bootstrap.min.js", referred from "/Users/dollarstir/Downloads/us.sitesucker.mac.sitesucker/demo.dashboardpack.com/sales-html/Groups.html", failed with error code 404 (not found)
19/04/2022, 11:12:36 - ERROR: Download of "https://demo.dashboardpack.com/sales-html/js/bootstrap.min.js", referred from "/Users/dollarstir/Downloads/us.sitesucker.mac.sitesucker/demo.dashboardpack.com/sales-html/typography.html", failed with error code 404 (not found)
19/04/2022, 11:12:36 - ERROR: Download of "https://demo.dashboardpack.com/sales-html/js/bootstrap.min.js", referred from "/Users/dollarstir/Downloads/us.sitesucker.mac.sitesucker/demo.dashboardpack.com/sales-html/Layouts.html", failed with error code 404 (not found)
19/04/2022, 11:12:36 - ERROR: Download of "https://demo.dashboardpack.com/sales-html/js/bootstrap.min.js", referred from "/Users/dollarstir/Downloads/us.sitesucker.mac.sitesucker/demo.dashboardpack.com/sales-html/error_400.html", failed with error code 404 (not found)
19/04/2022, 11:12:36 - ERROR: Download of "https://demo.dashboardpack.com/sales-html/js/bootstrap.min.js", referred from "/Users/dollarstir/Downloads/us.sitesucker.mac.sitesucker/demo.dashboardpack.com/sales-html/bootstrap_table.html", failed with error code 404 (not found)
19/04/2022, 11:12:36 - ERROR: Download of "https://demo.dashboardpack.com/sales-html/js/bootstrap.min.js", referred from "/Users/dollarstir/Downloads/us.sitesucker.mac.sitesucker/demo.dashboardpack.com/sales-html/Board.html", failed with error code 404 (not found)
19/04/2022, 11:12:36 - ERROR: Download of "https://demo.dashboardpack.com/sales-html/js/bootstrap.min.js", referred from "/Users/dollarstir/Downloads/us.sitesucker.mac.sitesucker/demo.dashboardpack.com/sales-html/error_500.html", failed with error code 404 (not found)
19/04/2022, 11:12:36 - ERROR: Download of "https://demo.dashboardpack.com/sales-html/js/bootstrap.min.js", referred from "/Users/dollarstir/Downloads/us.sitesucker.mac.sitesucker/demo.dashboardpack.com/sales-html/index_3.html", failed with error code 404 (not found)
19/04/2022, 11:12:36 - ERROR: Download of "https://demo.dashboardpack.com/sales-html/js/bootstrap.min.js", referred from "/Users/dollarstir/Downloads/us.sitesucker.mac.sitesucker/demo.dashboardpack.com/sales-html/Products.html", failed with error code 404 (not found)
19/04/2022, 11:12:36 - ERROR: Download of "https://demo.dashboardpack.com/sales-html/js/bootstrap.min.js", referred from "/Users/dollarstir/Downloads/us.sitesucker.mac.sitesucker/demo.dashboardpack.com/sales-html/basic_card.html", failed with error code 404 (not found)
19/04/2022, 11:12:36 - ERROR: Download of "https://demo.dashboardpack.com/sales-html/js/bootstrap.min.js", referred from "/Users/dollarstir/Downloads/us.sitesucker.mac.sitesucker/demo.dashboardpack.com/sales-html/Max_Length.html", failed with error code 404 (not found)
19/04/2022, 11:12:36 - ERROR: Download of "https://demo.dashboardpack.com/sales-html/js/bootstrap.min.js", referred from "/Users/dollarstir/Downloads/us.sitesucker.mac.sitesucker/demo.dashboardpack.com/sales-html/Product_Details.html", failed with error code 404 (not found)
19/04/2022, 11:12:36 - ERROR: Download of "https://demo.dashboardpack.com/sales-html/js/bootstrap.min.js", referred from "/Users/dollarstir/Downloads/us.sitesucker.mac.sitesucker/demo.dashboardpack.com/sales-html/profilebox.html", failed with error code 404 (not found)
19/04/2022, 11:12:36 - ERROR: Download of "https://demo.dashboardpack.com/sales-html/js/bootstrap.min.js", referred from "/Users/dollarstir/Downloads/us.sitesucker.mac.sitesucker/demo.dashboardpack.com/sales-html/buttons.html", failed with error code 404 (not found)
19/04/2022, 11:12:36 - ERROR: Download of "https://demo.dashboardpack.com/sales-html/js/bootstrap.min.js", referred from "/Users/dollarstir/Downloads/us.sitesucker.mac.sitesucker/demo.dashboardpack.com/sales-html/Pagination.html", failed with error code 404 (not found)
19/04/2022, 11:12:36 - ERROR: Download of "https://demo.dashboardpack.com/sales-html/js/bootstrap.min.js", referred from "/Users/dollarstir/Downloads/us.sitesucker.mac.sitesucker/demo.dashboardpack.com/sales-html/Scroll_Reveal.html", failed with error code 404 (not found)
19/04/2022, 11:12:36 - ERROR: Download of "https://demo.dashboardpack.com/sales-html/js/bootstrap.min.js", referred from "/Users/dollarstir/Downloads/us.sitesucker.mac.sitesucker/demo.dashboardpack.com/sales-html/index_2.html", failed with error code 404 (not found)
19/04/2022, 11:12:36 - ERROR: Download of "https://demo.dashboardpack.com/sales-html/js/bootstrap.min.js", referred from "/Users/dollarstir/Downloads/us.sitesucker.mac.sitesucker/demo.dashboardpack.com/sales-html/calender.html", failed with error code 404 (not found)
19/04/2022, 11:12:36 - ERROR: Download of "https://demo.dashboardpack.com/sales-html/js/bootstrap.min.js", referred from "/Users/dollarstir/Downloads/us.sitesucker.mac.sitesucker/demo.dashboardpack.com/sales-html/Fontawesome_Icon.html", failed with error code 404 (not found)
19/04/2022, 11:12:36 - ERROR: Download of "https://demo.dashboardpack.com/sales-html/js/bootstrap.min.js", referred from "/Users/dollarstir/Downloads/us.sitesucker.mac.sitesucker/demo.dashboardpack.com/sales-html/colors.html", failed with error code 404 (not found)
19/04/2022, 11:12:36 - ERROR: Download of "https://demo.dashboardpack.com/sales-html/js/bootstrap.min.js", referred from "/Users/dollarstir/Downloads/us.sitesucker.mac.sitesucker/demo.dashboardpack.com/sales-html/Alerts.html", failed with error code 404 (not found)
19/04/2022, 11:12:36 - ERROR: Download of "https://demo.dashboardpack.com/sales-html/js/bootstrap.min.js", referred from "/Users/dollarstir/Downloads/us.sitesucker.mac.sitesucker/demo.dashboardpack.com/sales-html/theme_card.html", failed with error code 404 (not found)
19/04/2022, 11:12:36 - ERROR: Download of "https://demo.dashboardpack.com/sales-html/js/bootstrap.min.js", referred from "/Users/dollarstir/Downloads/us.sitesucker.mac.sitesucker/demo.dashboardpack.com/sales-html/forgot_pass.html", failed with error code 404 (not found)
19/04/2022, 11:12:36 - ERROR: Download of "https://demo.dashboardpack.com/sales-html/js/bootstrap.min.js", referred from "/Users/dollarstir/Downloads/us.sitesucker.mac.sitesucker/demo.dashboardpack.com/sales-html/chart_sparkline.html", failed with error code 404 (not found)
19/04/2022, 11:12:36 - ERROR: Download of "https://demo.dashboardpack.com/sales-html/js/bootstrap.min.js", referred from "/Users/dollarstir/Downloads/us.sitesucker.mac.sitesucker/demo.dashboardpack.com/sales-html/chart_box_1.html", failed with error code 404 (not found)
19/04/2022, 11:12:36 - ERROR: Download of "https://demo.dashboardpack.com/sales-html/js/bootstrap.min.js", referred from "/Users/dollarstir/Downloads/us.sitesucker.mac.sitesucker/demo.dashboardpack.com/sales-html/Cart.html", failed with error code 404 (not found)
19/04/2022, 11:12:36 - ERROR: Download of "https://demo.dashboardpack.com/sales-html/js/bootstrap.min.js", referred from "/Users/dollarstir/Downloads/us.sitesucker.mac.sitesucker/demo.dashboardpack.com/sales-html/dropdown.html", failed with error code 404 (not found)
19/04/2022, 11:12:36 - ERROR: Download of "https://demo.dashboardpack.com/sales-html/js/bootstrap.min.js", referred from "/Users/dollarstir/Downloads/us.sitesucker.mac.sitesucker/demo.dashboardpack.com/sales-html/editor.html", failed with error code 404 (not found)
19/04/2022, 11:12:36 - ERROR: Download of "https://demo.dashboardpack.com/sales-html/js/bootstrap.min.js", referred from "/Users/dollarstir/Downloads/us.sitesucker.mac.sitesucker/demo.dashboardpack.com/sales-html/tilt.html", failed with error code 404 (not found)
19/04/2022, 11:12:36 - ERROR: Download of "https://demo.dashboardpack.com/sales-html/js/bootstrap.min.js", referred from "/Users/dollarstir/Downloads/us.sitesucker.mac.sitesucker/demo.dashboardpack.com/sales-html/mapjs.html", failed with error code 404 (not found)
19/04/2022, 11:12:36 - ERROR: Download of "https://demo.dashboardpack.com/sales-html/js/bootstrap.min.js", referred from "/Users/dollarstir/Downloads/us.sitesucker.mac.sitesucker/demo.dashboardpack.com/sales-html/State_color.html", failed with error code 404 (not found)
19/04/2022, 11:12:36 - ERROR: Download of "https://demo.dashboardpack.com/sales-html/js/bootstrap.min.js", referred from "/Users/dollarstir/Downloads/us.sitesucker.mac.sitesucker/demo.dashboardpack.com/sales-html/mail_box.html", failed with error code 404 (not found)
19/04/2022, 11:12:36 - ERROR: Download of "https://demo.dashboardpack.com/sales-html/js/bootstrap.min.js", referred from "/Users/dollarstir/Downloads/us.sitesucker.mac.sitesucker/demo.dashboardpack.com/sales-html/accordion.html", failed with error code 404 (not found)
19/04/2022, 11:12:36 - ERROR: Download of "https://demo.dashboardpack.com/sales-html/js/bootstrap.min.js", referred from "/Users/dollarstir/Downloads/us.sitesucker.mac.sitesucker/demo.dashboardpack.com/sales-html/resister.html", failed with error code 404 (not found)
19/04/2022, 11:12:36 - ERROR: Download of "https://demo.dashboardpack.com/sales-html/js/bootstrap.min.js", referred from "/Users/dollarstir/Downloads/us.sitesucker.mac.sitesucker/demo.dashboardpack.com/sales-html/Checkout.html", failed with error code 404 (not found)
19/04/2022, 11:12:36 - ERROR: Download of "https://demo.dashboardpack.com/sales-html/js/bootstrap.min.js", referred from "/Users/dollarstir/Downloads/us.sitesucker.mac.sitesucker/demo.dashboardpack.com/sales-html/dargable_card.html", failed with error code 404 (not found)
19/04/2022, 11:12:36 - ERROR: Download of "https://demo.dashboardpack.com/sales-html/js/bootstrap.min.js", referred from "/Users/dollarstir/Downloads/us.sitesucker.mac.sitesucker/demo.dashboardpack.com/sales-html/Scrollable.html", failed with error code 404 (not found)
19/04/2022, 11:12:36 - ERROR: Download of "https://demo.dashboardpack.com/sales-html/js/bootstrap.min.js", referred from "/Users/dollarstir/Downloads/us.sitesucker.mac.sitesucker/demo.dashboardpack.com/sales-html/Badges.html", failed with error code 404 (not found)
19/04/2022, 11:12:36 - ERROR: Download of "https://demo.dashboardpack.com/sales-html/js/bootstrap.min.js", referred from "/Users/dollarstir/Downloads/us.sitesucker.mac.sitesucker/demo.dashboardpack.com/sales-html/index.html", failed with error code 404 (not found)
19/04/2022, 11:12:36 - ERROR: Download of "https://demo.dashboardpack.com/sales-html/js/bootstrap.min.js", referred from "/Users/dollarstir/Downloads/us.sitesucker.mac.sitesucker/demo.dashboardpack.com/sales-html/wow_animation.html", failed with error code 404 (not found)
19/04/2022, 11:12:36 - ERROR: Download of "https://demo.dashboardpack.com/sales-html/js/bootstrap.min.js", referred from "/Users/dollarstir/Downloads/us.sitesucker.mac.sitesucker/demo.dashboardpack.com/sales-html/faq.html", failed with error code 404 (not found)
19/04/2022, 11:12:36 - ERROR: Download of "https://demo.dashboardpack.com/sales-html/js/bootstrap.min.js", referred from "/Users/dollarstir/Downloads/us.sitesucker.mac.sitesucker/demo.dashboardpack.com/sales-html/Loading_Indicators.html", failed with error code 404 (not found)
19/04/2022, 11:12:36 - ERROR: Download of "https://demo.dashboardpack.com/sales-html/js/bootstrap.min.js", referred from "/Users/dollarstir/Downloads/us.sitesucker.mac.sitesucker/demo.dashboardpack.com/sales-html/themefy_icon.html", failed with error code 404 (not found)
19/04/2022, 11:12:36 - ERROR: Download of "https://demo.dashboardpack.com/sales-html/js/bootstrap.min.js", referred from "/Users/dollarstir/Downloads/us.sitesucker.mac.sitesucker/demo.dashboardpack.com/sales-html/am_chart.html", failed with error code 404 (not found)
19/04/2022, 11:12:36 - ERROR: Download of "https://demo.dashboardpack.com/sales-html/js/bootstrap.min.js", referred from "/Users/dollarstir/Downloads/us.sitesucker.mac.sitesucker/demo.dashboardpack.com/sales-html/data_table.html", failed with error code 404 (not found)
19/04/2022, 11:12:36 - ERROR: Download of "https://demo.dashboardpack.com/sales-html/js/bootstrap.min.js", referred from "/Users/dollarstir/Downloads/us.sitesucker.mac.sitesucker/demo.dashboardpack.com/sales-html/Basic_Elements.html", failed with error code 404 (not found)
19/04/2022, 11:12:36 - ERROR: Download of "https://demo.dashboardpack.com/sales-html/js/bootstrap.min.js", referred from "/Users/dollarstir/Downloads/us.sitesucker.mac.sitesucker/demo.dashboardpack.com/sales-html/gallery.html", failed with error code 404 (not found)
19/04/2022, 11:12:36 - ERROR: Download of "https://demo.dashboardpack.com/sales-html/js/bootstrap.min.js", referred from "/Users/dollarstir/Downloads/us.sitesucker.mac.sitesucker/demo.dashboardpack.com/sales-html/nvd3_charts.html", failed with error code 404 (not found)
19/04/2022, 11:12:36 - ERROR: Download of "https://demo.dashboardpack.com/sales-html/js/bootstrap.min.js", referred from "/Users/dollarstir/Downloads/us.sitesucker.mac.sitesucker/demo.dashboardpack.com/sales-html/chartjs.html", failed with error code 404 (not found)
19/04/2022, 11:12:36 - ERROR: Download of "https://demo.dashboardpack.com/sales-html/js/bootstrap.min.js", referred from "/Users/dollarstir/Downloads/us.sitesucker.mac.sitesucker/demo.dashboardpack.com/sales-html/carousel.html", failed with error code 404 (not found)
19/04/2022, 11:12:36 - ERROR: Download of "https://demo.dashboardpack.com/sales-html/js/bootstrap.min.js", referred from "/Users/dollarstir/Downloads/us.sitesucker.mac.sitesucker/demo.dashboardpack.com/sales-html/apex_chart.html", failed with error code 404 (not found)

---------------------

27/04/2021, 16:02:34 - ERROR: Download of "https://technext.github.io/believe/css/grabbing.png", referred from "/Users/dollarstir/Downloads/us.sitesucker.mac.sitesucker/technext.github.io/believe/css/owl.carousel.css", failed with error code 404 (not found)
27/04/2021, 16:02:36 - ERROR: Download of "https://technext.github.io/believe/images/prettyPhoto/default/sprite_x.png", referred from "/Users/dollarstir/Downloads/us.sitesucker.mac.sitesucker/technext.github.io/believe/css/prettyPhoto.css", failed with error code 404 (not found)
27/04/2021, 16:02:36 - ERROR: Download of "https://technext.github.io/believe/images/prettyPhoto/default/sprite.png", referred from "/Users/dollarstir/Downloads/us.sitesucker.mac.sitesucker/technext.github.io/believe/css/prettyPhoto.css", failed with error code 404 (not found)
27/04/2021, 16:02:37 - ERROR: Download of "https://technext.github.io/believe/images/prettyPhoto/default/sprite_y.png", referred from "/Users/dollarstir/Downloads/us.sitesucker.mac.sitesucker/technext.github.io/believe/css/prettyPhoto.css", failed with error code 404 (not found)
27/04/2021, 16:02:37 - ERROR: Download of "https://technext.github.io/believe/images/prettyPhoto/default/sprite_next.png", referred from "/Users/dollarstir/Downloads/us.sitesucker.mac.sitesucker/technext.github.io/believe/css/prettyPhoto.css", failed with error code 404 (not found)
27/04/2021, 16:02:37 - ERROR: Download of "https://technext.github.io/believe/images/prettyPhoto/default/default_thumb.png", referred from "/Users/dollarstir/Downloads/us.sitesucker.mac.sitesucker/technext.github.io/believe/css/prettyPhoto.css", failed with error code 404 (not found)
27/04/2021, 16:02:37 - ERROR: Download of "https://technext.github.io/believe/images/prettyPhoto/default/loader.gif", referred from "/Users/dollarstir/Downloads/us.sitesucker.mac.sitesucker/technext.github.io/believe/css/prettyPhoto.css", failed with error code 404 (not found)
27/04/2021, 16:02:37 - ERROR: Download of "https://technext.github.io/believe/images/prettyPhoto/default/sprite_prev.png", referred from "/Users/dollarstir/Downloads/us.sitesucker.mac.sitesucker/technext.github.io/believe/css/prettyPhoto.css", failed with error code 404 (not found)
27/04/2021, 16:02:37 - ERROR: Download of "https://technext.github.io/believe/images/prettyPhoto/light_rounded/sprite.png", referred from "/Users/dollarstir/Downloads/us.sitesucker.mac.sitesucker/technext.github.io/believe/css/prettyPhoto.css", failed with error code 404 (not found)
27/04/2021, 16:02:37 - ERROR: Download of "https://technext.github.io/believe/images/prettyPhoto/light_rounded/btnNext.png", referred from "/Users/dollarstir/Downloads/us.sitesucker.mac.sitesucker/technext.github.io/believe/css/prettyPhoto.css", failed with error code 404 (not found)
27/04/2021, 16:02:37 - ERROR: Download of "https://technext.github.io/believe/images/prettyPhoto/light_rounded/btnPrevious.png", referred from "/Users/dollarstir/Downloads/us.sitesucker.mac.sitesucker/technext.github.io/believe/css/prettyPhoto.css", failed with error code 404 (not found)
27/04/2021, 16:02:37 - ERROR: Download of "https://technext.github.io/believe/images/prettyPhoto/light_rounded/loader.gif", referred from "/Users/dollarstir/Downloads/us.sitesucker.mac.sitesucker/technext.github.io/believe/css/prettyPhoto.css", failed with error code 404 (not found)
27/04/2021, 16:02:37 - ERROR: Download of "https://technext.github.io/believe/images/prettyPhoto/dark_rounded/sprite.png", referred from "/Users/dollarstir/Downloads/us.sitesucker.mac.sitesucker/technext.github.io/believe/css/prettyPhoto.css", failed with error code 404 (not found)
27/04/2021, 16:02:37 - ERROR: Download of "https://technext.github.io/believe/images/prettyPhoto/dark_rounded/btnPrevious.png", referred from "/Users/dollarstir/Downloads/us.sitesucker.mac.sitesucker/technext.github.io/believe/css/prettyPhoto.css", failed with error code 404 (not found)
27/04/2021, 16:02:38 - ERROR: Download of "https://technext.github.io/believe/images/prettyPhoto/dark_rounded/loader.gif", referred from "/Users/dollarstir/Downloads/us.sitesucker.mac.sitesucker/technext.github.io/believe/css/prettyPhoto.css", failed with error code 404 (not found)
27/04/2021, 16:02:38 - ERROR: Download of "https://technext.github.io/believe/images/prettyPhoto/dark_rounded/btnNext.png", referred from "/Users/dollarstir/Downloads/us.sitesucker.mac.sitesucker/technext.github.io/believe/css/prettyPhoto.css", failed with error code 404 (not found)
27/04/2021, 16:02:38 - ERROR: Download of "https://technext.github.io/believe/images/prettyPhoto/dark_rounded/contentPattern.png", referred from "/Users/dollarstir/Downloads/us.sitesucker.mac.sitesucker/technext.github.io/believe/css/prettyPhoto.css", failed with error code 404 (not found)
27/04/2021, 16:02:38 - ERROR: Download of "https://technext.github.io/believe/images/prettyPhoto/dark_square/sprite.png", referred from "/Users/dollarstir/Downloads/us.sitesucker.mac.sitesucker/technext.github.io/believe/css/prettyPhoto.css", failed with error code 404 (not found)
27/04/2021, 16:02:38 - ERROR: Download of "https://technext.github.io/believe/images/prettyPhoto/dark_square/btnNext.png", referred from "/Users/dollarstir/Downloads/us.sitesucker.mac.sitesucker/technext.github.io/believe/css/prettyPhoto.css", failed with error code 404 (not found)
27/04/2021, 16:02:38 - ERROR: Download of "https://technext.github.io/believe/images/prettyPhoto/dark_square/btnPrevious.png", referred from "/Users/dollarstir/Downloads/us.sitesucker.mac.sitesucker/technext.github.io/believe/css/prettyPhoto.css", failed with error code 404 (not found)
27/04/2021, 16:02:38 - ERROR: Download of "https://technext.github.io/believe/images/prettyPhoto/light_square/sprite.png", referred from "/Users/dollarstir/Downloads/us.sitesucker.mac.sitesucker/technext.github.io/believe/css/prettyPhoto.css", failed with error code 404 (not found)
27/04/2021, 16:02:38 - ERROR: Download of "https://technext.github.io/believe/images/prettyPhoto/dark_square/loader.gif", referred from "/Users/dollarstir/Downloads/us.sitesucker.mac.sitesucker/technext.github.io/believe/css/prettyPhoto.css", failed with error code 404 (not found)
27/04/2021, 16:02:38 - ERROR: Download of "https://technext.github.io/believe/images/prettyPhoto/light_square/btnPrevious.png", referred from "/Users/dollarstir/Downloads/us.sitesucker.mac.sitesucker/technext.github.io/believe/css/prettyPhoto.css", failed with error code 404 (not found)
27/04/2021, 16:02:38 - ERROR: Download of "https://technext.github.io/believe/images/prettyPhoto/facebook/sprite.png", referred from "/Users/dollarstir/Downloads/us.sitesucker.mac.sitesucker/technext.github.io/believe/css/prettyPhoto.css", failed with error code 404 (not found)
27/04/2021, 16:02:38 - ERROR: Download of "https://technext.github.io/believe/images/prettyPhoto/facebook/contentPatternLeft.png", referred from "/Users/dollarstir/Downloads/us.sitesucker.mac.sitesucker/technext.github.io/believe/css/prettyPhoto.css", failed with error code 404 (not found)
27/04/2021, 16:02:38 - ERROR: Download of "https://technext.github.io/believe/images/prettyPhoto/facebook/contentPatternTop.png", referred from "/Users/dollarstir/Downloads/us.sitesucker.mac.sitesucker/technext.github.io/believe/css/prettyPhoto.css", failed with error code 404 (not found)
27/04/2021, 16:02:39 - ERROR: Download of "https://technext.github.io/believe/images/prettyPhoto/facebook/contentPatternRight.png", referred from "/Users/dollarstir/Downloads/us.sitesucker.mac.sitesucker/technext.github.io/believe/css/prettyPhoto.css", failed with error code 404 (not found)
27/04/2021, 16:02:39 - ERROR: Download of "https://technext.github.io/believe/images/prettyPhoto/facebook/loader.gif", referred from "/Users/dollarstir/Downloads/us.sitesucker.mac.sitesucker/technext.github.io/believe/css/prettyPhoto.css", failed with error code 404 (not found)
27/04/2021, 16:02:39 - ERROR: Download of "https://technext.github.io/believe/images/prettyPhoto/light_square/btnNext.png", referred from "/Users/dollarstir/Downloads/us.sitesucker.mac.sitesucker/technext.github.io/believe/css/prettyPhoto.css", failed with error code 404 (not found)
27/04/2021, 16:02:39 - ERROR: Download of "https://technext.github.io/believe/images/prettyPhoto/facebook/btnPrevious.png", referred from "/Users/dollarstir/Downloads/us.sitesucker.mac.sitesucker/technext.github.io/believe/css/prettyPhoto.css", failed with error code 404 (not found)
27/04/2021, 16:02:39 - ERROR: Download of "https://technext.github.io/believe/images/prettyPhoto/facebook/contentPatternBottom.png", referred from "/Users/dollarstir/Downloads/us.sitesucker.mac.sitesucker/technext.github.io/believe/css/prettyPhoto.css", failed with error code 404 (not found)

---------------------

27/04/2021, 16:06:08 - ERROR: Download of "https://technext.github.io/electro/fonts/glyphicons-halflings-regular.eot", referred from "/Users/dollarstir/Downloads/us.sitesucker.mac.sitesucker/technext.github.io/electro/css/bootstrap.min.css", failed with error code 404 (not found)
27/04/2021, 16:06:08 - ERROR: Download of "https://technext.github.io/electro/fonts/glyphicons-halflings-regular.eot?", referred from "/Users/dollarstir/Downloads/us.sitesucker.mac.sitesucker/technext.github.io/electro/css/bootstrap.min.css", failed with error code 404 (not found)
27/04/2021, 16:06:08 - ERROR: Download of "https://technext.github.io/electro/fonts/glyphicons-halflings-regular.woff2", referred from "/Users/dollarstir/Downloads/us.sitesucker.mac.sitesucker/technext.github.io/electro/css/bootstrap.min.css", failed with error code 404 (not found)
27/04/2021, 16:06:08 - ERROR: Download of "https://technext.github.io/electro/fonts/glyphicons-halflings-regular.woff", referred from "/Users/dollarstir/Downloads/us.sitesucker.mac.sitesucker/technext.github.io/electro/css/bootstrap.min.css", failed with error code 404 (not found)
27/04/2021, 16:06:08 - ERROR: Download of "https://technext.github.io/electro/fonts/glyphicons-halflings-regular.ttf", referred from "/Users/dollarstir/Downloads/us.sitesucker.mac.sitesucker/technext.github.io/electro/css/bootstrap.min.css", failed with error code 404 (not found)
27/04/2021, 16:06:08 - ERROR: Download of "https://technext.github.io/electro/css/ajax-loader.gif", referred from "/Users/dollarstir/Downloads/us.sitesucker.mac.sitesucker/technext.github.io/electro/css/slick-theme.css", failed with error code 404 (not found)
27/04/2021, 16:06:09 - ERROR: Download of "https://technext.github.io/electro/css/fonts/slick.eot", referred from "/Users/dollarstir/Downloads/us.sitesucker.mac.sitesucker/technext.github.io/electro/css/slick-theme.css", failed with error code 404 (not found)
27/04/2021, 16:06:09 - ERROR: Download of "https://technext.github.io/electro/css/fonts/slick.eot?", referred from "/Users/dollarstir/Downloads/us.sitesucker.mac.sitesucker/technext.github.io/electro/css/slick-theme.css", failed with error code 404 (not found)
27/04/2021, 16:06:09 - ERROR: Download of "https://technext.github.io/electro/css/fonts/slick.woff", referred from "/Users/dollarstir/Downloads/us.sitesucker.mac.sitesucker/technext.github.io/electro/css/slick-theme.css", failed with error code 404 (not found)
27/04/2021, 16:06:09 - ERROR: Download of "https://technext.github.io/electro/fonts/glyphicons-halflings-regular.svg", referred from "/Users/dollarstir/Downloads/us.sitesucker.mac.sitesucker/technext.github.io/electro/css/bootstrap.min.css", failed with error code 404 (not found)
27/04/2021, 16:06:09 - ERROR: Download of "https://technext.github.io/electro/css/fonts/slick.svg", referred from "/Users/dollarstir/Downloads/us.sitesucker.mac.sitesucker/technext.github.io/electro/css/slick-theme.css", failed with error code 404 (not found)
27/04/2021, 16:06:10 - ERROR: Download of "https://technext.github.io/electro/css/fonts/slick.ttf", referred from "/Users/dollarstir/Downloads/us.sitesucker.mac.sitesucker/technext.github.io/electro/css/slick-theme.css", failed with error code 404 (not found)

---------------------

27/04/2021, 16:15:04 - ERROR: Download of "https://avalon3zetg.zyrosite.com/null", referred from "/Users/dollarstir/Downloads/us.sitesucker.mac.sitesucker/avalon3zetg.zyrosite.com/index.html", failed with error code 404 (not found)

---------------------

27/04/2021, 16:19:27 - ERROR: Download of "https://demo2.madrasthemes.com/bookworm-html/redesigned-octo-fiesta/html-demo/home/others/authors-single.html", referred from "/Users/dollarstir/Downloads/us.sitesucker.mac.sitesucker/demo2.madrasthemes.com/bookworm-html/redesigned-octo-fiesta/html-demo/home/home-v13.html", failed with error code 404 (not found)
27/04/2021, 16:19:27 - ERROR: Download of "https://demo2.madrasthemes.com/bookworm-html/redesigned-octo-fiesta/html-demo/home/others/authors-single.html", referred from "/Users/dollarstir/Downloads/us.sitesucker.mac.sitesucker/demo2.madrasthemes.com/bookworm-html/redesigned-octo-fiesta/html-demo/home/home-v2.html", failed with error code 404 (not found)
27/04/2021, 16:19:27 - ERROR: Download of "https://demo2.madrasthemes.com/bookworm-html/redesigned-octo-fiesta/html-demo/home/others/authors-single.html", referred from "/Users/dollarstir/Downloads/us.sitesucker.mac.sitesucker/demo2.madrasthemes.com/bookworm-html/redesigned-octo-fiesta/html-demo/home/index.html", failed with error code 404 (not found)

---------------------

27/04/2021, 16:26:34 - ERROR: Download of "https://template.hasthemes.com/boighor/boighor/product-details.html", referred from "/Users/dollarstir/Downloads/us.sitesucker.mac.sitesucker/template.hasthemes.com/boighor/boighor/portfolio-details.html", failed with error code 404 (not found)
27/04/2021, 16:26:34 - ERROR: Download of "https://template.hasthemes.com/boighor/boighor/product-details.html", referred from "/Users/dollarstir/Downloads/us.sitesucker.mac.sitesucker/template.hasthemes.com/boighor/boighor/index.html", failed with error code 404 (not found)
27/04/2021, 16:26:34 - ERROR: Download of "https://template.hasthemes.com/boighor/boighor/product-details.html", referred from "/Users/dollarstir/Downloads/us.sitesucker.mac.sitesucker/template.hasthemes.com/boighor/boighor/wishlist.html", failed with error code 404 (not found)
27/04/2021, 16:26:34 - ERROR: Download of "https://template.hasthemes.com/boighor/boighor/product-details.html", referred from "/Users/dollarstir/Downloads/us.sitesucker.mac.sitesucker/template.hasthemes.com/boighor/boighor/single-product.html", failed with error code 404 (not found)
27/04/2021, 16:26:34 - ERROR: Download of "https://template.hasthemes.com/boighor/boighor/product-details.html", referred from "/Users/dollarstir/Downloads/us.sitesucker.mac.sitesucker/template.hasthemes.com/boighor/boighor/shop-grid.html", failed with error code 404 (not found)
27/04/2021, 16:26:34 - ERROR: Download of "https://template.hasthemes.com/boighor/boighor/product-details.html", referred from "/Users/dollarstir/Downloads/us.sitesucker.mac.sitesucker/template.hasthemes.com/boighor/boighor/my-account.html", failed with error code 404 (not found)
27/04/2021, 16:26:34 - ERROR: Download of "https://template.hasthemes.com/boighor/boighor/product-details.html", referred from "/Users/dollarstir/Downloads/us.sitesucker.mac.sitesucker/template.hasthemes.com/boighor/boighor/error404.html", failed with error code 404 (not found)
27/04/2021, 16:26:34 - ERROR: Download of "https://template.hasthemes.com/boighor/boighor/product-details.html", referred from "/Users/dollarstir/Downloads/us.sitesucker.mac.sitesucker/template.hasthemes.com/boighor/boighor/index-3.html", failed with error code 404 (not found)
27/04/2021, 16:26:34 - ERROR: Download of "https://template.hasthemes.com/boighor/boighor/product-details.html", referred from "/Users/dollarstir/Downloads/us.sitesucker.mac.sitesucker/template.hasthemes.com/boighor/boighor/contact.html", failed with error code 404 (not found)
27/04/2021, 16:26:34 - ERROR: Download of "https://template.hasthemes.com/boighor/boighor/product-details.html", referred from "/Users/dollarstir/Downloads/us.sitesucker.mac.sitesucker/template.hasthemes.com/boighor/boighor/blog.html", failed with error code 404 (not found)
27/04/2021, 16:26:34 - ERROR: Download of "https://template.hasthemes.com/boighor/boighor/product-details.html", referred from "/Users/dollarstir/Downloads/us.sitesucker.mac.sitesucker/template.hasthemes.com/boighor/boighor/team.html", failed with error code 404 (not found)
27/04/2021, 16:26:34 - ERROR: Download of "https://template.hasthemes.com/boighor/boighor/product-details.html", referred from "/Users/dollarstir/Downloads/us.sitesucker.mac.sitesucker/template.hasthemes.com/boighor/boighor/about.html", failed with error code 404 (not found)
27/04/2021, 16:26:34 - ERROR: Download of "https://template.hasthemes.com/boighor/boighor/product-details.html", referred from "/Users/dollarstir/Downloads/us.sitesucker.mac.sitesucker/template.hasthemes.com/boighor/boighor/cart.html", failed with error code 404 (not found)
27/04/2021, 16:26:34 - ERROR: Download of "https://template.hasthemes.com/boighor/boighor/product-details.html", referred from "/Users/dollarstir/Downloads/us.sitesucker.mac.sitesucker/template.hasthemes.com/boighor/boighor/shop-no-sidebar.html", failed with error code 404 (not found)
27/04/2021, 16:26:34 - ERROR: Download of "https://template.hasthemes.com/boighor/boighor/product-details.html", referred from "/Users/dollarstir/Downloads/us.sitesucker.mac.sitesucker/template.hasthemes.com/boighor/boighor/shop-list.html", failed with error code 404 (not found)
27/04/2021, 16:26:34 - ERROR: Download of "https://template.hasthemes.com/boighor/boighor/product-details.html", referred from "/Users/dollarstir/Downloads/us.sitesucker.mac.sitesucker/template.hasthemes.com/boighor/boighor/blog-details.html", failed with error code 404 (not found)
27/04/2021, 16:26:34 - ERROR: Download of "https://template.hasthemes.com/boighor/boighor/product-details.html", referred from "/Users/dollarstir/Downloads/us.sitesucker.mac.sitesucker/template.hasthemes.com/boighor/boighor/blog-no-sidebar.html", failed with error code 404 (not found)
27/04/2021, 16:26:34 - ERROR: Download of "https://template.hasthemes.com/boighor/boighor/product-details.html", referred from "/Users/dollarstir/Downloads/us.sitesucker.mac.sitesucker/template.hasthemes.com/boighor/boighor/checkout.html", failed with error code 404 (not found)
27/04/2021, 16:26:34 - ERROR: Download of "https://template.hasthemes.com/boighor/boighor/product-details.html", referred from "/Users/dollarstir/Downloads/us.sitesucker.mac.sitesucker/template.hasthemes.com/boighor/boighor/index-2.html", failed with error code 404 (not found)
27/04/2021, 16:26:34 - ERROR: Download of "https://template.hasthemes.com/boighor/boighor/product-details.html", referred from "/Users/dollarstir/Downloads/us.sitesucker.mac.sitesucker/template.hasthemes.com/boighor/boighor/index-box.html", failed with error code 404 (not found)
27/04/2021, 16:26:34 - ERROR: Download of "https://template.hasthemes.com/boighor/boighor/product-details.html", referred from "/Users/dollarstir/Downloads/us.sitesucker.mac.sitesucker/template.hasthemes.com/boighor/boighor/portfolio.html", failed with error code 404 (not found)
27/04/2021, 16:26:34 - ERROR: Download of "https://template.hasthemes.com/boighor/boighor/product-details.html", referred from "/Users/dollarstir/Downloads/us.sitesucker.mac.sitesucker/template.hasthemes.com/boighor/boighor/shop-right-sidebar.html", failed with error code 404 (not found)
27/04/2021, 16:26:34 - ERROR: Download of "https://template.hasthemes.com/boighor/boighor/product-details.html", referred from "/Users/dollarstir/Downloads/us.sitesucker.mac.sitesucker/template.hasthemes.com/boighor/boighor/portfolio-three-column.html", failed with error code 404 (not found)
27/04/2021, 16:26:34 - ERROR: Download of "https://template.hasthemes.com/boighor/boighor/product-details.html", referred from "/Users/dollarstir/Downloads/us.sitesucker.mac.sitesucker/template.hasthemes.com/boighor/boighor/faq.html", failed with error code 404 (not found)
27/04/2021, 16:26:34 - ERROR: Download of "https://template.hasthemes.com/boighor/boighor/product-details.html", referred from "/Users/dollarstir/Downloads/us.sitesucker.mac.sitesucker/template.hasthemes.com/boighor/boighor/shop-left-sidebar.html", failed with error code 404 (not found)
27/04/2021, 16:26:34 - ERROR: Download of "https://template.hasthemes.com/boighor/boighor/product-details.html", referred from "/Users/dollarstir/Downloads/us.sitesucker.mac.sitesucker/template.hasthemes.com/boighor/boighor/blog-left-sidebar.html", failed with error code 404 (not found)

---------------------

27/04/2021, 16:37:08 - ERROR: Download of "http://inews.themepk.com/inews-v2.1.1_demo/assets/plugins/jqueryui/images/ui-icons_555555_256x240.png", referred from "/Users/dollarstir/Downloads/us.sitesucker.mac.sitesucker/inews.themepk.com/inews-v2.1.1_demo/assets/plugins/jqueryui/jquery-ui.min.css", failed with error code 404 (not found)
27/04/2021, 16:37:08 - ERROR: Download of "http://inews.themepk.com/inews-v2.1.1_demo/assets/plugins/jqueryui/images/ui-icons_ffffff_256x240.png", referred from "/Users/dollarstir/Downloads/us.sitesucker.mac.sitesucker/inews.themepk.com/inews-v2.1.1_demo/assets/plugins/jqueryui/jquery-ui.min.css", failed with error code 404 (not found)
27/04/2021, 16:37:08 - ERROR: Download of "http://inews.themepk.com/inews-v2.1.1_demo/assets/plugins/jqueryui/images/ui-icons_444444_256x240.png", referred from "/Users/dollarstir/Downloads/us.sitesucker.mac.sitesucker/inews.themepk.com/inews-v2.1.1_demo/assets/plugins/jqueryui/jquery-ui.min.css", failed with error code 404 (not found)
27/04/2021, 16:37:08 - ERROR: Download of "http://inews.themepk.com/inews-v2.1.1_demo/assets/plugins/jqueryui/images/ui-icons_777777_256x240.png", referred from "/Users/dollarstir/Downloads/us.sitesucker.mac.sitesucker/inews.themepk.com/inews-v2.1.1_demo/assets/plugins/jqueryui/jquery-ui.min.css", failed with error code 404 (not found)
27/04/2021, 16:37:08 - ERROR: Download of "http://inews.themepk.com/inews-v2.1.1_demo/assets/plugins/jqueryui/images/ui-icons_777620_256x240.png", referred from "/Users/dollarstir/Downloads/us.sitesucker.mac.sitesucker/inews.themepk.com/inews-v2.1.1_demo/assets/plugins/jqueryui/jquery-ui.min.css", failed with error code 404 (not found)
27/04/2021, 16:37:08 - ERROR: Download of "http://inews.themepk.com/inews-v2.1.1_demo/assets/plugins/jqueryui/images/ui-icons_cc0000_256x240.png", referred from "/Users/dollarstir/Downloads/us.sitesucker.mac.sitesucker/inews.themepk.com/inews-v2.1.1_demo/assets/plugins/jqueryui/jquery-ui.min.css", failed with error code 404 (not found)

---------------------

11/05/2021, 17:42:42 - ERROR: Download of "https://htmldemo.net/pallas/pallas/shop-left-sidebar.html", referred from "/Users/dollarstir/Downloads/us.sitesucker.mac.sitesucker/htmldemo.net/pallas/pallas/index-4.html", failed with error code 404 (not found)
11/05/2021, 17:42:42 - ERROR: Download of "https://htmldemo.net/pallas/pallas/shop-left-sidebar.html", referred from "/Users/dollarstir/Downloads/us.sitesucker.mac.sitesucker/htmldemo.net/pallas/pallas/index-7.html", failed with error code 404 (not found)
11/05/2021, 17:42:42 - ERROR: Download of "https://htmldemo.net/pallas/pallas/shop-left-sidebar.html", referred from "/Users/dollarstir/Downloads/us.sitesucker.mac.sitesucker/htmldemo.net/pallas/pallas/index-3.html", failed with error code 404 (not found)
11/05/2021, 17:42:42 - ERROR: Download of "https://htmldemo.net/pallas/pallas/shop-left-sidebar.html", referred from "/Users/dollarstir/Downloads/us.sitesucker.mac.sitesucker/htmldemo.net/pallas/pallas/index-6.html", failed with error code 404 (not found)
11/05/2021, 17:42:42 - ERROR: Download of "https://htmldemo.net/pallas/pallas/shop-left-sidebar.html", referred from "/Users/dollarstir/Downloads/us.sitesucker.mac.sitesucker/htmldemo.net/pallas/pallas/index-2.html", failed with error code 404 (not found)
11/05/2021, 17:42:42 - ERROR: Download of "https://htmldemo.net/pallas/pallas/shop-left-sidebar.html", referred from "/Users/dollarstir/Downloads/us.sitesucker.mac.sitesucker/htmldemo.net/pallas/pallas/index-5.html", failed with error code 404 (not found)
11/05/2021, 17:42:42 - ERROR: Download of "https://htmldemo.net/pallas/pallas/shop-left-sidebar.html", referred from "/Users/dollarstir/Downloads/us.sitesucker.mac.sitesucker/htmldemo.net/pallas/pallas/index.html", failed with error code 404 (not found)
11/05/2021, 17:42:42 - ERROR: Download of "https://htmldemo.net/pallas/pallas/shop-left-sidebar.html", referred from "/Users/dollarstir/Downloads/us.sitesucker.mac.sitesucker/htmldemo.net/pallas/pallas/index-8.html", failed with error code 404 (not found)

---------------------

11/05/2021, 17:57:21 - ERROR: Download of "https://templates.hibootstrap.com/xton/default/assets/css/owl.video.play.png", referred from "/Users/dollarstir/Downloads/us.sitesucker.mac.sitesucker/templates.hibootstrap.com/xton/default/assets/css/owl.carousel.min.css", failed with error code 404 (not found)

---------------------

13/05/2021, 09:41:12 - ERROR: Download of "https://themeforest.net/cart/add/36598852", referred from "/Users/dollarstir/Downloads/us.sitesucker.mac.sitesucker/themeforest.net/item/smarthr-vuejs-laravel-admin-template/36598852.html", failed with error code 404 (not found)
13/05/2021, 09:41:12 - ERROR: Download of "https://themeforest.net/cart/add/36598852", referred from "/Users/dollarstir/Downloads/us.sitesucker.mac.sitesucker/themeforest.net/item/smarthr-vuejs-laravel-admin-template/36598852/support.html", failed with error code 404 (not found)
13/05/2021, 09:41:12 - ERROR: Download of "https://themeforest.net/cart/add/36598852", referred from "/Users/dollarstir/Downloads/us.sitesucker.mac.sitesucker/themeforest.net/item/smarthr-vuejs-laravel-admin-template/36598852/comments.html", failed with error code 404 (not found)

---------------------

14/05/2021, 12:33:26 - ERROR: Download of "https://colorlib.com/etc/regform/colorlib-regform-6/" failed with error code -1200 (An SSL error has occurred and a secure connection to the server cannot be made.)

---------------------

14/05/2021, 12:33:39 - ERROR: Download of "https://colorlib.com/etc/regform/colorlib-regform-6/" failed with error code -1200 (An SSL error has occurred and a secure connection to the server cannot be made.)

---------------------
